TN:
SF:src/modules/appointments/services/CreateAppointmentServices.ts
FN:1,(empty-report)
FNF:1
FNH:0
FNDA:0,(empty-report)
DA:1,0
DA:2,0
DA:3,0
DA:4,0
DA:5,0
DA:6,0
DA:7,0
DA:8,0
DA:9,0
DA:10,0
DA:11,0
DA:12,0
DA:13,0
DA:14,0
DA:15,0
DA:16,0
DA:17,0
DA:18,0
DA:19,0
DA:20,0
DA:21,0
DA:22,0
DA:23,0
DA:24,0
DA:25,0
DA:26,0
DA:27,0
DA:28,0
DA:29,0
DA:30,0
DA:31,0
DA:32,0
DA:33,0
DA:34,0
DA:35,0
DA:36,0
DA:37,0
DA:38,0
DA:39,0
DA:40,0
DA:41,0
DA:42,0
DA:43,0
DA:44,0
DA:45,0
DA:46,0
DA:47,0
LF:47
LH:0
BRDA:1,0,0,0
BRF:1
BRH:0
end_of_record
TN:
SF:src/modules/users/services/AuthenticateUserService.ts
FN:1,(empty-report)
FNF:1
FNH:0
FNDA:0,(empty-report)
DA:1,0
DA:2,0
DA:3,0
DA:4,0
DA:5,0
DA:6,0
DA:7,0
DA:8,0
DA:9,0
DA:10,0
DA:11,0
DA:12,0
DA:13,0
DA:14,0
DA:15,0
DA:16,0
DA:17,0
DA:18,0
DA:19,0
DA:20,0
DA:21,0
DA:22,0
DA:23,0
DA:24,0
DA:25,0
DA:26,0
DA:27,0
DA:28,0
DA:29,0
DA:30,0
DA:31,0
DA:32,0
DA:33,0
DA:34,0
DA:35,0
DA:36,0
DA:37,0
DA:38,0
DA:39,0
DA:40,0
DA:41,0
DA:42,0
DA:43,0
DA:44,0
DA:45,0
DA:46,0
DA:47,0
DA:48,0
DA:49,0
DA:50,0
DA:51,0
DA:52,0
DA:53,0
DA:54,0
DA:55,0
DA:56,0
DA:57,0
DA:58,0
DA:59,0
DA:60,0
LF:60
LH:0
BRDA:1,0,0,0
BRF:1
BRH:0
end_of_record
TN:
SF:src/modules/users/services/CreateUserService.ts
FN:1,(empty-report)
FNF:1
FNH:0
FNDA:0,(empty-report)
DA:1,0
DA:2,0
DA:3,0
DA:4,0
DA:5,0
DA:6,0
DA:7,0
DA:8,0
DA:9,0
DA:10,0
DA:11,0
DA:12,0
DA:13,0
DA:14,0
DA:15,0
DA:16,0
DA:17,0
DA:18,0
DA:19,0
DA:20,0
DA:21,0
DA:22,0
DA:23,0
DA:24,0
DA:25,0
DA:26,0
DA:27,0
DA:28,0
DA:29,0
DA:30,0
DA:31,0
DA:32,0
DA:33,0
DA:34,0
DA:35,0
DA:36,0
DA:37,0
DA:38,0
DA:39,0
DA:40,0
LF:40
LH:0
BRDA:1,0,0,0
BRF:1
BRH:0
end_of_record
TN:
SF:src/modules/users/services/ResetPasswordService.ts
FN:53,__decorate
FN:53,__metadata
FN:53,__param
FN:53,__awaiter
FN:53,adopt
FN:53,fulfilled
FN:53,rejected
FN:53,step
FN:53,__generator
FN:53,sent
FN:53,Symbol.function.g.(anonymous function)
FN:53,verb
FN:53,step
FN:53,__importDefault
FN:17,ResetPasswordService
FN:27,ResetPasswordService.execute
FNF:16
FNH:14
FNDA:1,__decorate
FNDA:1,__metadata
FNDA:3,__param
FNDA:4,__awaiter
FNDA:9,adopt
FNDA:9,fulfilled
FNDA:0,rejected
FNDA:10,step
FNDA:4,__generator
FNDA:9,sent
FNDA:0,Symbol.function.g.(anonymous function)
FNDA:12,verb
FNDA:13,step
FNDA:1,__importDefault
FNDA:4,ResetPasswordService
FNDA:4,ResetPasswordService.execute
DA:1,1
DA:2,1
DA:3,1
DA:4,1
DA:5,1
DA:6,1
DA:7,1
DA:8,1
DA:9,1
DA:10,1
DA:11,1
DA:12,1
DA:13,1
DA:14,1
DA:15,1
DA:16,1
DA:17,1
DA:18,4
DA:19,4
DA:20,4
DA:21,4
DA:22,4
DA:23,4
DA:24,4
DA:25,4
DA:26,4
DA:27,1
DA:28,4
DA:29,4
DA:30,4
DA:31,1
DA:32,1
DA:33,3
DA:34,3
DA:35,4
DA:36,4
DA:37,1
DA:38,1
DA:39,2
DA:40,2
DA:41,2
DA:42,2
DA:43,2
DA:44,4
DA:45,1
DA:46,1
DA:47,1
DA:48,1
DA:49,4
DA:50,4
DA:51,4
DA:52,1
DA:53,1
LF:53
LH:53
BRDA:53,0,0,1
BRDA:53,1,0,1
BRDA:53,2,0,0
BRDA:53,3,0,0
BRDA:53,4,0,0
BRDA:53,5,0,0
BRDA:53,6,0,1
BRDA:53,7,0,3
BRDA:53,8,0,3
BRDA:53,9,0,4
BRDA:53,10,0,9
BRDA:53,11,0,0
BRDA:53,12,0,4
BRDA:53,13,0,9
BRDA:53,14,0,6
BRDA:53,15,0,3
BRDA:53,16,0,10
BRDA:53,17,0,1
BRDA:53,18,0,9
BRDA:53,19,0,4
BRDA:53,20,0,9
BRDA:53,21,0,0
BRDA:53,22,0,12
BRDA:53,23,0,13
BRDA:53,24,0,13
BRDA:53,25,0,0
BRDA:53,26,0,26
BRDA:53,27,0,0
BRDA:53,28,0,0
BRDA:53,29,0,0
BRDA:53,30,0,0
BRDA:53,31,0,13
BRDA:53,32,0,13
BRDA:53,33,0,0
BRDA:53,34,0,9
BRDA:53,35,0,0
BRDA:53,36,0,4
BRDA:53,37,0,0
BRDA:53,38,0,1
BRDA:53,39,0,0
BRDA:53,40,0,0
BRDA:53,41,0,0
BRDA:53,42,0,0
BRDA:53,43,0,0
BRDA:53,44,0,13
BRDA:53,45,0,10
BRDA:53,46,0,3
BRDA:53,47,0,13
BRDA:53,48,0,4
BRDA:53,49,0,3
BRDA:53,50,0,1
BRDA:53,51,0,0
BRDA:53,52,0,1
BRDA:53,53,0,0
BRDA:16,54,0,1
BRDA:17,55,0,4
BRDA:27,56,0,4
BRDA:53,57,0,4
BRDA:53,58,0,13
BRDA:28,59,0,4
BRDA:53,60,0,0
BRDA:53,61,0,4
BRDA:30,62,0,1
BRDA:32,63,0,3
BRDA:53,64,0,0
BRDA:53,65,0,3
BRDA:36,66,0,1
BRDA:38,67,0,2
BRDA:44,68,0,1
BRDA:53,69,0,0
BRDA:53,70,0,1
BRDA:53,71,0,0
BRDA:53,72,0,1
BRDA:53,73,0,0
BRF:74
BRH:48
end_of_record
TN:
SF:src/modules/users/services/SendForgotPasswordEmailService.ts
FN:1,(empty-report)
FNF:1
FNH:0
FNDA:0,(empty-report)
DA:1,0
DA:2,0
DA:3,0
DA:4,0
DA:5,0
DA:6,0
DA:7,0
DA:8,0
DA:9,0
DA:10,0
DA:11,0
DA:12,0
DA:13,0
DA:14,0
DA:15,0
DA:16,0
DA:17,0
DA:18,0
DA:19,0
DA:20,0
DA:21,0
DA:22,0
DA:23,0
DA:24,0
DA:25,0
DA:26,0
DA:27,0
DA:28,0
DA:29,0
DA:30,0
DA:31,0
DA:32,0
DA:33,0
DA:34,0
DA:35,0
DA:36,0
DA:37,0
DA:38,0
DA:39,0
LF:39
LH:0
BRDA:1,0,0,0
BRF:1
BRH:0
end_of_record
TN:
SF:src/modules/users/services/UpdateUserAvatarService.ts
FN:1,(empty-report)
FNF:1
FNH:0
FNDA:0,(empty-report)
DA:1,0
DA:2,0
DA:3,0
DA:4,0
DA:5,0
DA:6,0
DA:7,0
DA:8,0
DA:9,0
DA:10,0
DA:11,0
DA:12,0
DA:13,0
DA:14,0
DA:15,0
DA:16,0
DA:17,0
DA:18,0
DA:19,0
DA:20,0
DA:21,0
DA:22,0
DA:23,0
DA:24,0
DA:25,0
DA:26,0
DA:27,0
DA:28,0
DA:29,0
DA:30,0
DA:31,0
DA:32,0
DA:33,0
DA:34,0
DA:35,0
DA:36,0
DA:37,0
DA:38,0
DA:39,0
DA:40,0
DA:41,0
DA:42,0
DA:43,0
DA:44,0
LF:44
LH:0
BRDA:1,0,0,0
BRF:1
BRH:0
end_of_record
